<?xml version="1.0" encoding="UTF-8"?>
<!-- Generated by org.testng.reporters.JUnitReportReporter -->
<testsuite hostname="DESKTOP-VHLDJPQ" failures="0" tests="1" name="Tests.TestConfigurations" time="0.011" errors="0" timestamp="2023-06-26T15:36:33 EET" skipped="0">
  <testcase classname="Tests.TestConfigurations" name="OpenWebsite" time="0.011"/>
</testsuite> <!-- Tests.TestConfigurations -->
