<?xml version="1.0" encoding="UTF-8"?>
<!-- Generated by org.testng.reporters.JUnitReportReporter -->
<testsuite hostname="DESKTOP-VHLDJPQ" failures="0" tests="1" name="Tests.NewTest" time="0.170" errors="0" timestamp="2023-07-01T19:50:35 EET" skipped="0">
  <testcase classname="Tests.NewTest" name="createAccount" time="0.170"/>
</testsuite> <!-- Tests.NewTest -->
