<?xml version="1.0" encoding="UTF-8"?>
<!-- Generated by org.testng.reporters.JUnitReportReporter -->
<testsuite hostname="DESKTOP-VHLDJPQ" failures="0" tests="1" name="Tests.RegistrationTest" time="0.025" errors="0" timestamp="2023-06-26T15:32:44 EET" skipped="0">
  <testcase classname="Tests.RegistrationTest" name="testCreateAccount" time="0.025"/>
</testsuite> <!-- Tests.RegistrationTest -->
