<?xml version="1.0" encoding="UTF-8"?>
<!-- Generated by org.testng.reporters.JUnitReportReporter -->
<testsuite hostname="DESKTOP-VHLDJPQ" failures="0" tests="1" name="Tests.TestCreateAccount" time="1.938" errors="0" timestamp="2023-07-02T02:02:23 EET" skipped="0">
  <testcase classname="Tests.TestCreateAccount" name="testCreateAccount" time="1.938"/>
</testsuite> <!-- Tests.TestCreateAccount -->
